build/app/intermediates/manifest_merge_blame_file/debug/manifest-merger-blame-debug-report.txt
1<?xml version="1.0" encoding="utf-8"?>
2<manifest xmlns:android="http://schemas.android.com/apk/res/android"
3    package="com.bookie.bookiee"
4    android:versionCode="1"
5    android:versionName="1.0" >
6
7    <uses-sdk
8        android:minSdkVersion="19"
9        android:targetSdkVersion="33" />
10    <!--
11         The INTERNET permission is required for development. Specifically,
12         the Flutter tool needs it to communicate with the running application
13         to allow setting breakpoints, to provide hot reload, etc.
14    -->
15    <uses-permission android:name="android.permission.INTERNET" />
15-->src\debug\AndroidManifest.xml:6:5-66
15-->src\debug\AndroidManifest.xml:6:22-64
16    <!-- Although the *SdkVersion is captured in gradle build files, this is required for non gradle builds -->
17    <!-- <uses-sdk android:minSdkVersion="14" /> -->
18    <uses-permission android:name="android.permission.ACCESS_NETWORK_STATE" />
18-->[com.google.firebase:firebase-firestore:24.11.1] AndroidManifest.xml:10:5-79
18-->[com.google.firebase:firebase-firestore:24.11.1] AndroidManifest.xml:10:22-76
19    <uses-permission android:name="android.permission.WAKE_LOCK" />
19-->[com.google.android.gms:play-services-measurement-api:21.6.2] AndroidManifest.xml:24:5-68
19-->[com.google.android.gms:play-services-measurement-api:21.6.2] AndroidManifest.xml:24:22-65
20    <uses-permission android:name="com.google.android.gms.permission.AD_ID" />
20-->[com.google.android.gms:play-services-measurement-api:21.6.2] AndroidManifest.xml:25:5-79
20-->[com.google.android.gms:play-services-measurement-api:21.6.2] AndroidManifest.xml:25:22-76
21    <uses-permission android:name="android.permission.ACCESS_ADSERVICES_ATTRIBUTION" />
21-->[com.google.android.gms:play-services-measurement-api:21.6.2] AndroidManifest.xml:26:5-88
21-->[com.google.android.gms:play-services-measurement-api:21.6.2] AndroidManifest.xml:26:22-85
22    <uses-permission android:name="android.permission.ACCESS_ADSERVICES_AD_ID" />
22-->[com.google.android.gms:play-services-measurement-api:21.6.2] AndroidManifest.xml:27:5-82
22-->[com.google.android.gms:play-services-measurement-api:21.6.2] AndroidManifest.xml:27:22-79
23    <uses-permission android:name="com.google.android.providers.gsf.permission.READ_GSERVICES" />
23-->[com.google.android.recaptcha:recaptcha:18.4.0] AndroidManifest.xml:9:5-98
23-->[com.google.android.recaptcha:recaptcha:18.4.0] AndroidManifest.xml:9:22-95
24    <uses-permission android:name="com.google.android.finsky.permission.BIND_GET_INSTALL_REFERRER_SERVICE" />
24-->[com.google.android.gms:play-services-measurement:21.6.2] AndroidManifest.xml:26:5-110
24-->[com.google.android.gms:play-services-measurement:21.6.2] AndroidManifest.xml:26:22-107
25
26    <permission
26-->[androidx.core:core:1.10.1] AndroidManifest.xml:22:5-24:47
27        android:name="com.bookie.bookiee.DYNAMIC_RECEIVER_NOT_EXPORTED_PERMISSION"
27-->[androidx.core:core:1.10.1] AndroidManifest.xml:23:9-81
28        android:protectionLevel="signature" />
28-->[androidx.core:core:1.10.1] AndroidManifest.xml:24:9-44
29
30    <uses-permission android:name="com.bookie.bookiee.DYNAMIC_RECEIVER_NOT_EXPORTED_PERMISSION" />
30-->[androidx.core:core:1.10.1] AndroidManifest.xml:26:5-97
30-->[androidx.core:core:1.10.1] AndroidManifest.xml:26:22-94
31
32    <application
33        android:name="android.app.Application"
34        android:appComponentFactory="androidx.core.app.CoreComponentFactory"
34-->[androidx.core:core:1.10.1] AndroidManifest.xml:28:18-86
35        android:debuggable="true"
36        android:icon="@mipmap/ic_launcher"
37        android:label="bookiee" >
38        <activity
39            android:name="com.bookie.bookiee.MainActivity"
40            android:configChanges="orientation|keyboardHidden|keyboard|screenSize|smallestScreenSize|locale|layoutDirection|fontScale|screenLayout|density|uiMode"
41            android:exported="true"
42            android:hardwareAccelerated="true"
43            android:launchMode="singleTop"
44            android:theme="@style/LaunchTheme"
45            android:windowSoftInputMode="adjustResize" >
46
47            <!--
48                 Specifies an Android theme to apply to this Activity as soon as
49                 the Android process has started. This theme is visible to the user
50                 while the Flutter UI initializes. After that, this theme continues
51                 to determine the Window background behind the Flutter UI.
52            -->
53            <meta-data
54                android:name="io.flutter.embedding.android.NormalTheme"
55                android:resource="@style/NormalTheme" />
56
57            <intent-filter>
58                <action android:name="android.intent.action.MAIN" />
59
60                <category android:name="android.intent.category.LAUNCHER" />
61            </intent-filter>
62        </activity>
63        <!--
64             Don't delete the meta-data below.
65             This is used by the Flutter tool to generate GeneratedPluginRegistrant.java
66        -->
67        <meta-data
68            android:name="flutterEmbedding"
69            android:value="2" />
70
71        <service
71-->[:cloud_firestore] AndroidManifest.xml:10:9-14:19
72            android:name="com.google.firebase.components.ComponentDiscoveryService"
72-->[:cloud_firestore] AndroidManifest.xml:10:18-89
73            android:directBootAware="true"
73-->[com.google.firebase:firebase-common:20.4.3] AndroidManifest.xml:32:13-43
74            android:exported="false" >
74-->[com.google.firebase:firebase-firestore:24.11.1] AndroidManifest.xml:16:13-37
75            <meta-data
75-->[:cloud_firestore] AndroidManifest.xml:11:13-13:85
76                android:name="com.google.firebase.components:io.flutter.plugins.firebase.firestore.FlutterFirebaseFirestoreRegistrar"
76-->[:cloud_firestore] AndroidManifest.xml:12:17-134
77                android:value="com.google.firebase.components.ComponentRegistrar" />
77-->[:cloud_firestore] AndroidManifest.xml:13:17-82
78            <meta-data
78-->[:firebase_dynamic_links] AndroidManifest.xml:13:13-15:85
79                android:name="com.google.firebase.components:io.flutter.plugins.firebase.dynamiclinks.FlutterFirebaseAppRegistrar"
79-->[:firebase_dynamic_links] AndroidManifest.xml:14:17-131
80                android:value="com.google.firebase.components.ComponentRegistrar" />
80-->[:firebase_dynamic_links] AndroidManifest.xml:15:17-82
81            <meta-data
81-->[:firebase_auth] AndroidManifest.xml:11:13-13:85
82                android:name="com.google.firebase.components:io.flutter.plugins.firebase.auth.FlutterFirebaseAuthRegistrar"
82-->[:firebase_auth] AndroidManifest.xml:12:17-124
83                android:value="com.google.firebase.components.ComponentRegistrar" />
83-->[:firebase_auth] AndroidManifest.xml:13:17-82
84            <meta-data
84-->[:firebase_core] AndroidManifest.xml:11:13-13:85
85                android:name="com.google.firebase.components:io.flutter.plugins.firebase.core.FlutterFirebaseCoreRegistrar"
85-->[:firebase_core] AndroidManifest.xml:12:17-124
86                android:value="com.google.firebase.components.ComponentRegistrar" />
86-->[:firebase_core] AndroidManifest.xml:13:17-82
87            <meta-data
87-->[com.google.firebase:firebase-firestore:24.11.1] AndroidManifest.xml:17:13-19:85
88                android:name="com.google.firebase.components:com.google.firebase.firestore.FirebaseFirestoreKtxRegistrar"
88-->[com.google.firebase:firebase-firestore:24.11.1] AndroidManifest.xml:18:17-122
89                android:value="com.google.firebase.components.ComponentRegistrar" />
89-->[com.google.firebase:firebase-firestore:24.11.1] AndroidManifest.xml:19:17-82
90            <meta-data
90-->[com.google.firebase:firebase-firestore:24.11.1] AndroidManifest.xml:20:13-22:85
91                android:name="com.google.firebase.components:com.google.firebase.firestore.FirestoreRegistrar"
91-->[com.google.firebase:firebase-firestore:24.11.1] AndroidManifest.xml:21:17-111
92                android:value="com.google.firebase.components.ComponentRegistrar" />
92-->[com.google.firebase:firebase-firestore:24.11.1] AndroidManifest.xml:22:17-82
93            <meta-data
93-->[com.google.firebase:firebase-dynamic-links:21.2.0] AndroidManifest.xml:24:13-26:85
94                android:name="com.google.firebase.components:com.google.firebase.dynamiclinks.FirebaseDynamicLinksKtxRegistrar"
94-->[com.google.firebase:firebase-dynamic-links:21.2.0] AndroidManifest.xml:25:17-128
95                android:value="com.google.firebase.components.ComponentRegistrar" />
95-->[com.google.firebase:firebase-dynamic-links:21.2.0] AndroidManifest.xml:26:17-82
96            <meta-data
96-->[com.google.firebase:firebase-dynamic-links:21.2.0] AndroidManifest.xml:27:13-29:85
97                android:name="com.google.firebase.components:com.google.firebase.dynamiclinks.internal.FirebaseDynamicLinkRegistrar"
97-->[com.google.firebase:firebase-dynamic-links:21.2.0] AndroidManifest.xml:28:17-133
98                android:value="com.google.firebase.components.ComponentRegistrar" />
98-->[com.google.firebase:firebase-dynamic-links:21.2.0] AndroidManifest.xml:29:17-82
99            <meta-data
99-->[com.google.firebase:firebase-auth:22.3.1] AndroidManifest.xml:69:13-71:85
100                android:name="com.google.firebase.components:com.google.firebase.auth.FirebaseAuthRegistrar"
100-->[com.google.firebase:firebase-auth:22.3.1] AndroidManifest.xml:70:17-109
101                android:value="com.google.firebase.components.ComponentRegistrar" />
101-->[com.google.firebase:firebase-auth:22.3.1] AndroidManifest.xml:71:17-82
102            <meta-data
102-->[com.google.android.gms:play-services-measurement-api:21.6.2] AndroidManifest.xml:37:13-39:85
103                android:name="com.google.firebase.components:com.google.firebase.analytics.connector.internal.AnalyticsConnectorRegistrar"
103-->[com.google.android.gms:play-services-measurement-api:21.6.2] AndroidManifest.xml:38:17-139
104                android:value="com.google.firebase.components.ComponentRegistrar" />
104-->[com.google.android.gms:play-services-measurement-api:21.6.2] AndroidManifest.xml:39:17-82
105            <meta-data
105-->[com.google.firebase:firebase-installations:17.2.0] AndroidManifest.xml:15:13-17:85
106                android:name="com.google.firebase.components:com.google.firebase.installations.FirebaseInstallationsKtxRegistrar"
106-->[com.google.firebase:firebase-installations:17.2.0] AndroidManifest.xml:16:17-130
107                android:value="com.google.firebase.components.ComponentRegistrar" />
107-->[com.google.firebase:firebase-installations:17.2.0] AndroidManifest.xml:17:17-82
108            <meta-data
108-->[com.google.firebase:firebase-installations:17.2.0] AndroidManifest.xml:18:13-20:85
109                android:name="com.google.firebase.components:com.google.firebase.installations.FirebaseInstallationsRegistrar"
109-->[com.google.firebase:firebase-installations:17.2.0] AndroidManifest.xml:19:17-127
110                android:value="com.google.firebase.components.ComponentRegistrar" />
110-->[com.google.firebase:firebase-installations:17.2.0] AndroidManifest.xml:20:17-82
111            <meta-data
111-->[com.google.firebase:firebase-common-ktx:20.4.3] AndroidManifest.xml:12:13-14:85
112                android:name="com.google.firebase.components:com.google.firebase.ktx.FirebaseCommonLegacyRegistrar"
112-->[com.google.firebase:firebase-common-ktx:20.4.3] AndroidManifest.xml:13:17-116
113                android:value="com.google.firebase.components.ComponentRegistrar" />
113-->[com.google.firebase:firebase-common-ktx:20.4.3] AndroidManifest.xml:14:17-82
114            <meta-data
114-->[com.google.firebase:firebase-common:20.4.3] AndroidManifest.xml:35:13-37:85
115                android:name="com.google.firebase.components:com.google.firebase.FirebaseCommonKtxRegistrar"
115-->[com.google.firebase:firebase-common:20.4.3] AndroidManifest.xml:36:17-109
116                android:value="com.google.firebase.components.ComponentRegistrar" />
116-->[com.google.firebase:firebase-common:20.4.3] AndroidManifest.xml:37:17-82
117        </service>
118
119        <activity
119-->[:url_launcher_android] AndroidManifest.xml:10:9-13:74
120            android:name="io.flutter.plugins.urllauncher.WebViewActivity"
120-->[:url_launcher_android] AndroidManifest.xml:11:13-74
121            android:exported="false"
121-->[:url_launcher_android] AndroidManifest.xml:12:13-37
122            android:theme="@android:style/Theme.NoTitleBar.Fullscreen" />
122-->[:url_launcher_android] AndroidManifest.xml:13:13-71
123        <activity
123-->[com.google.firebase:firebase-auth:22.3.1] AndroidManifest.xml:29:9-46:20
124            android:name="com.google.firebase.auth.internal.GenericIdpActivity"
124-->[com.google.firebase:firebase-auth:22.3.1] AndroidManifest.xml:30:13-80
125            android:excludeFromRecents="true"
125-->[com.google.firebase:firebase-auth:22.3.1] AndroidManifest.xml:31:13-46
126            android:exported="true"
126-->[com.google.firebase:firebase-auth:22.3.1] AndroidManifest.xml:32:13-36
127            android:launchMode="singleTask"
127-->[com.google.firebase:firebase-auth:22.3.1] AndroidManifest.xml:33:13-44
128            android:theme="@android:style/Theme.Translucent.NoTitleBar" >
128-->[com.google.firebase:firebase-auth:22.3.1] AndroidManifest.xml:34:13-72
129            <intent-filter>
129-->[com.google.firebase:firebase-auth:22.3.1] AndroidManifest.xml:35:13-45:29
130                <action android:name="android.intent.action.VIEW" />
130-->[com.google.firebase:firebase-auth:22.3.1] AndroidManifest.xml:36:17-69
130-->[com.google.firebase:firebase-auth:22.3.1] AndroidManifest.xml:36:25-66
131
132                <category android:name="android.intent.category.DEFAULT" />
132-->[com.google.firebase:firebase-auth:22.3.1] AndroidManifest.xml:38:17-76
132-->[com.google.firebase:firebase-auth:22.3.1] AndroidManifest.xml:38:27-73
133                <category android:name="android.intent.category.BROWSABLE" />
133-->[com.google.firebase:firebase-auth:22.3.1] AndroidManifest.xml:39:17-78
133-->[com.google.firebase:firebase-auth:22.3.1] AndroidManifest.xml:39:27-75
134
135                <data
135-->[com.google.firebase:firebase-auth:22.3.1] AndroidManifest.xml:41:17-44:51
136                    android:host="firebase.auth"
136-->[com.google.firebase:firebase-auth:22.3.1] AndroidManifest.xml:42:21-49
137                    android:path="/"
137-->[com.google.firebase:firebase-auth:22.3.1] AndroidManifest.xml:43:21-37
138                    android:scheme="genericidp" />
138-->[com.google.firebase:firebase-auth:22.3.1] AndroidManifest.xml:44:21-48
139            </intent-filter>
140        </activity>
141        <activity
141-->[com.google.firebase:firebase-auth:22.3.1] AndroidManifest.xml:47:9-64:20
142            android:name="com.google.firebase.auth.internal.RecaptchaActivity"
142-->[com.google.firebase:firebase-auth:22.3.1] AndroidManifest.xml:48:13-79
143            android:excludeFromRecents="true"
143-->[com.google.firebase:firebase-auth:22.3.1] AndroidManifest.xml:49:13-46
144            android:exported="true"
144-->[com.google.firebase:firebase-auth:22.3.1] AndroidManifest.xml:50:13-36
145            android:launchMode="singleTask"
145-->[com.google.firebase:firebase-auth:22.3.1] AndroidManifest.xml:51:13-44
146            android:theme="@android:style/Theme.Translucent.NoTitleBar" >
146-->[com.google.firebase:firebase-auth:22.3.1] AndroidManifest.xml:52:13-72
147            <intent-filter>
147-->[com.google.firebase:firebase-auth:22.3.1] AndroidManifest.xml:53:13-63:29
148                <action android:name="android.intent.action.VIEW" />
148-->[com.google.firebase:firebase-auth:22.3.1] AndroidManifest.xml:36:17-69
148-->[com.google.firebase:firebase-auth:22.3.1] AndroidManifest.xml:36:25-66
149
150                <category android:name="android.intent.category.DEFAULT" />
150-->[com.google.firebase:firebase-auth:22.3.1] AndroidManifest.xml:38:17-76
150-->[com.google.firebase:firebase-auth:22.3.1] AndroidManifest.xml:38:27-73
151                <category android:name="android.intent.category.BROWSABLE" />
151-->[com.google.firebase:firebase-auth:22.3.1] AndroidManifest.xml:39:17-78
151-->[com.google.firebase:firebase-auth:22.3.1] AndroidManifest.xml:39:27-75
152
153                <data
153-->[com.google.firebase:firebase-auth:22.3.1] AndroidManifest.xml:41:17-44:51
154                    android:host="firebase.auth"
154-->[com.google.firebase:firebase-auth:22.3.1] AndroidManifest.xml:42:21-49
155                    android:path="/"
155-->[com.google.firebase:firebase-auth:22.3.1] AndroidManifest.xml:43:21-37
156                    android:scheme="recaptcha" />
156-->[com.google.firebase:firebase-auth:22.3.1] AndroidManifest.xml:44:21-48
157            </intent-filter>
158        </activity>
159
160        <property
160-->[com.google.android.gms:play-services-measurement-api:21.6.2] AndroidManifest.xml:30:9-32:61
161            android:name="android.adservices.AD_SERVICES_CONFIG"
161-->[com.google.android.gms:play-services-measurement-api:21.6.2] AndroidManifest.xml:31:13-65
162            android:resource="@xml/ga_ad_services_config" />
162-->[com.google.android.gms:play-services-measurement-api:21.6.2] AndroidManifest.xml:32:13-58
163
164        <uses-library
164-->[androidx.window:window:1.0.0-beta04] AndroidManifest.xml:25:9-27:40
165            android:name="androidx.window.extensions"
165-->[androidx.window:window:1.0.0-beta04] AndroidManifest.xml:26:13-54
166            android:required="false" />
166-->[androidx.window:window:1.0.0-beta04] AndroidManifest.xml:27:13-37
167        <uses-library
167-->[androidx.window:window:1.0.0-beta04] AndroidManifest.xml:28:9-30:40
168            android:name="androidx.window.sidecar"
168-->[androidx.window:window:1.0.0-beta04] AndroidManifest.xml:29:13-51
169            android:required="false" />
169-->[androidx.window:window:1.0.0-beta04] AndroidManifest.xml:30:13-37
170
171        <activity
171-->[com.google.android.gms:play-services-auth:21.0.0] AndroidManifest.xml:23:9-27:75
172            android:name="com.google.android.gms.auth.api.signin.internal.SignInHubActivity"
172-->[com.google.android.gms:play-services-auth:21.0.0] AndroidManifest.xml:24:13-93
173            android:excludeFromRecents="true"
173-->[com.google.android.gms:play-services-auth:21.0.0] AndroidManifest.xml:25:13-46
174            android:exported="false"
174-->[com.google.android.gms:play-services-auth:21.0.0] AndroidManifest.xml:26:13-37
175            android:theme="@android:style/Theme.Translucent.NoTitleBar" />
175-->[com.google.android.gms:play-services-auth:21.0.0] AndroidManifest.xml:27:13-72
176        <!--
177            Service handling Google Sign-In user revocation. For apps that do not integrate with
178            Google Sign-In, this service will never be started.
179        -->
180        <service
180-->[com.google.android.gms:play-services-auth:21.0.0] AndroidManifest.xml:33:9-37:51
181            android:name="com.google.android.gms.auth.api.signin.RevocationBoundService"
181-->[com.google.android.gms:play-services-auth:21.0.0] AndroidManifest.xml:34:13-89
182            android:exported="true"
182-->[com.google.android.gms:play-services-auth:21.0.0] AndroidManifest.xml:35:13-36
183            android:permission="com.google.android.gms.auth.api.signin.permission.REVOCATION_NOTIFICATION"
183-->[com.google.android.gms:play-services-auth:21.0.0] AndroidManifest.xml:36:13-107
184            android:visibleToInstantApps="true" />
184-->[com.google.android.gms:play-services-auth:21.0.0] AndroidManifest.xml:37:13-48
185
186        <provider
186-->[com.google.firebase:firebase-common:20.4.3] AndroidManifest.xml:23:9-28:39
187            android:name="com.google.firebase.provider.FirebaseInitProvider"
187-->[com.google.firebase:firebase-common:20.4.3] AndroidManifest.xml:24:13-77
188            android:authorities="com.bookie.bookiee.firebaseinitprovider"
188-->[com.google.firebase:firebase-common:20.4.3] AndroidManifest.xml:25:13-72
189            android:directBootAware="true"
189-->[com.google.firebase:firebase-common:20.4.3] AndroidManifest.xml:26:13-43
190            android:exported="false"
190-->[com.google.firebase:firebase-common:20.4.3] AndroidManifest.xml:27:13-37
191            android:initOrder="100" />
191-->[com.google.firebase:firebase-common:20.4.3] AndroidManifest.xml:28:13-36
192
193        <receiver
193-->[com.google.android.gms:play-services-measurement:21.6.2] AndroidManifest.xml:29:9-33:20
194            android:name="com.google.android.gms.measurement.AppMeasurementReceiver"
194-->[com.google.android.gms:play-services-measurement:21.6.2] AndroidManifest.xml:30:13-85
195            android:enabled="true"
195-->[com.google.android.gms:play-services-measurement:21.6.2] AndroidManifest.xml:31:13-35
196            android:exported="false" >
196-->[com.google.android.gms:play-services-measurement:21.6.2] AndroidManifest.xml:32:13-37
197        </receiver>
198
199        <service
199-->[com.google.android.gms:play-services-measurement:21.6.2] AndroidManifest.xml:35:9-38:40
200            android:name="com.google.android.gms.measurement.AppMeasurementService"
200-->[com.google.android.gms:play-services-measurement:21.6.2] AndroidManifest.xml:36:13-84
201            android:enabled="true"
201-->[com.google.android.gms:play-services-measurement:21.6.2] AndroidManifest.xml:37:13-35
202            android:exported="false" />
202-->[com.google.android.gms:play-services-measurement:21.6.2] AndroidManifest.xml:38:13-37
203        <service
203-->[com.google.android.gms:play-services-measurement:21.6.2] AndroidManifest.xml:39:9-43:72
204            android:name="com.google.android.gms.measurement.AppMeasurementJobService"
204-->[com.google.android.gms:play-services-measurement:21.6.2] AndroidManifest.xml:40:13-87
205            android:enabled="true"
205-->[com.google.android.gms:play-services-measurement:21.6.2] AndroidManifest.xml:41:13-35
206            android:exported="false"
206-->[com.google.android.gms:play-services-measurement:21.6.2] AndroidManifest.xml:42:13-37
207            android:permission="android.permission.BIND_JOB_SERVICE" />
207-->[com.google.android.gms:play-services-measurement:21.6.2] AndroidManifest.xml:43:13-69
208
209        <activity
209-->[com.google.android.gms:play-services-base:18.0.1] AndroidManifest.xml:20:9-22:45
210            android:name="com.google.android.gms.common.api.GoogleApiActivity"
210-->[com.google.android.gms:play-services-base:18.0.1] AndroidManifest.xml:20:19-85
211            android:exported="false"
211-->[com.google.android.gms:play-services-base:18.0.1] AndroidManifest.xml:22:19-43
212            android:theme="@android:style/Theme.Translucent.NoTitleBar" />
212-->[com.google.android.gms:play-services-base:18.0.1] AndroidManifest.xml:21:19-78
213
214        <uses-library
214-->[androidx.privacysandbox.ads:ads-adservices:1.0.0-beta05] AndroidManifest.xml:23:9-25:40
215            android:name="android.ext.adservices"
215-->[androidx.privacysandbox.ads:ads-adservices:1.0.0-beta05] AndroidManifest.xml:24:13-50
216            android:required="false" />
216-->[androidx.privacysandbox.ads:ads-adservices:1.0.0-beta05] AndroidManifest.xml:25:13-37
217
218        <meta-data
218-->[com.google.android.gms:play-services-basement:18.3.0] AndroidManifest.xml:21:9-23:69
219            android:name="com.google.android.gms.version"
219-->[com.google.android.gms:play-services-basement:18.3.0] AndroidManifest.xml:22:13-58
220            android:value="@integer/google_play_services_version" />
220-->[com.google.android.gms:play-services-basement:18.3.0] AndroidManifest.xml:23:13-66
221    </application>
222
223</manifest>